  Weapon.cpp
  main.cpp
c:\users\invictus\desktop\personal projects\c++\eastasiababies-franz\consolerpg\consolerpg\inventory.h(28): warning C4018: '<': signed/unsigned mismatch
c:\users\invictus\desktop\personal projects\c++\eastasiababies-franz\consolerpg\consolerpg\main.cpp(9): warning C4244: 'argument': conversion from 'time_t' to 'unsigned int', possible loss of data
  Item.cpp
  Inventory.cpp
c:\users\invictus\desktop\personal projects\c++\eastasiababies-franz\consolerpg\consolerpg\inventory.h(28): warning C4018: '<': signed/unsigned mismatch
c:\users\invictus\desktop\personal projects\c++\eastasiababies-franz\consolerpg\consolerpg\inventory.cpp(19): warning C4018: '<': signed/unsigned mismatch
c:\users\invictus\desktop\personal projects\c++\eastasiababies-franz\consolerpg\consolerpg\inventory.cpp(37): warning C4018: '<': signed/unsigned mismatch
c:\users\invictus\desktop\personal projects\c++\eastasiababies-franz\consolerpg\consolerpg\inventory.cpp(63): warning C4018: '<': signed/unsigned mismatch
c:\users\invictus\desktop\personal projects\c++\eastasiababies-franz\consolerpg\consolerpg\inventory.cpp(81): warning C4018: '<': signed/unsigned mismatch
  Game.cpp
c:\users\invictus\desktop\personal projects\c++\eastasiababies-franz\consolerpg\consolerpg\inventory.h(28): warning C4018: '<': signed/unsigned mismatch
  Character.cpp
c:\users\invictus\desktop\personal projects\c++\eastasiababies-franz\consolerpg\consolerpg\inventory.h(28): warning C4018: '<': signed/unsigned mismatch
c:\users\invictus\desktop\personal projects\c++\eastasiababies-franz\consolerpg\consolerpg\character.cpp(55): warning C4244: '=': conversion from 'double' to 'int', possible loss of data
c:\users\invictus\desktop\personal projects\c++\eastasiababies-franz\consolerpg\consolerpg\character.cpp(116): warning C4244: '=': conversion from 'double' to 'int', possible loss of data
  Armor.cpp
  Generating Code...
  ConsoleRPG.vcxproj -> C:\Users\Invictus\Desktop\Personal Projects\C++\EastAsiaBabies-Franz\ConsoleRPG\Debug\ConsoleRPG.exe
  ConsoleRPG.vcxproj -> C:\Users\Invictus\Desktop\Personal Projects\C++\EastAsiaBabies-Franz\ConsoleRPG\Debug\ConsoleRPG.pdb (Full PDB)
